# JRE version: Java(TM) SE Runtime Environment (8.0_261-b12) (build 1.8.0_261-b12)
# Java VM: Java HotSpot(TM) 64-Bit Server VM (25.261-b12 mixed mode windows-amd64 compressed oops)
Heap:
 PSYoungGen      total 286720K, used 18295K [0x00000000d6000000, 0x00000000e9280000, 0x0000000100000000)
  eden space 280064K, 6% used [0x00000000d6000000,0x00000000d71ddc00,0x00000000e7180000)
  from space 6656K, 0% used [0x00000000e8c00000,0x00000000e8c00000,0x00000000e9280000)
  to   space 16896K, 0% used [0x00000000e7180000,0x00000000e7180000,0x00000000e8200000)
 ParOldGen       total 91648K, used 22697K [0x0000000082000000, 0x0000000087980000, 0x00000000d6000000)
  object space 91648K, 24% used [0x0000000082000000,0x000000008362a5f8,0x0000000087980000)
 Metaspace       used 36212K, capacity 39069K, committed 39080K, reserved 1083392K
  class space    used 5027K, capacity 5547K, committed 5552K, reserved 1048576K
GC Heap History (10 events):
Event: 7.216 GC heap before
{Heap before GC invocations=9 (full 1):
 PSYoungGen      total 141312K, used 141293K [0x00000000d6000000, 0x00000000e4980000, 0x0000000100000000)
  eden space 131072K, 100% used [0x00000000d6000000,0x00000000de000000,0x00000000de000000)
  from space 10240K, 99% used [0x00000000de000000,0x00000000de9fb690,0x00000000dea00000)
  to   space 11776K, 0% used [0x00000000e3e00000,0x00000000e3e00000,0x00000000e4980000)
 ParOldGen       total 56832K, used 9681K [0x0000000082000000, 0x0000000085780000, 0x00000000d6000000)
  object space 56832K, 17% used [0x0000000082000000,0x00000000829745d0,0x0000000085780000)
 Metaspace       used 30688K, capacity 32768K, committed 33072K, reserved 1077248K
  class space    used 4179K, capacity 4584K, committed 4656K, reserved 1048576K
Event: 7.231 GC heap after
Heap after GC invocations=9 (full 1):
 PSYoungGen      total 223232K, used 11771K [0x00000000d6000000, 0x00000000e4a80000, 0x0000000100000000)
  eden space 211456K, 0% used [0x00000000d6000000,0x00000000d6000000,0x00000000e2e80000)
  from space 11776K, 99% used [0x00000000e3e00000,0x00000000e497ec90,0x00000000e4980000)
  to   space 14336K, 0% used [0x00000000e2e80000,0x00000000e2e80000,0x00000000e3c80000)
 ParOldGen       total 56832K, used 11988K [0x0000000082000000, 0x0000000085780000, 0x00000000d6000000)
  object space 56832K, 21% used [0x0000000082000000,0x0000000082bb51d0,0x0000000085780000)
 Metaspace       used 30688K, capacity 32768K, committed 33072K, reserved 1077248K
  class space    used 4179K, capacity 4584K, committed 4656K, reserved 1048576K
}
Event: 8.301 GC heap before
{Heap before GC invocations=10 (full 1):
 PSYoungGen      total 223232K, used 109072K [0x00000000d6000000, 0x00000000e4a80000, 0x0000000100000000)
  eden space 211456K, 46% used [0x00000000d6000000,0x00000000dbf05680,0x00000000e2e80000)
  from space 11776K, 99% used [0x00000000e3e00000,0x00000000e497ec90,0x00000000e4980000)
  to   space 14336K, 0% used [0x00000000e2e80000,0x00000000e2e80000,0x00000000e3c80000)
 ParOldGen       total 56832K, used 11988K [0x0000000082000000, 0x0000000085780000, 0x00000000d6000000)
  object space 56832K, 21% used [0x0000000082000000,0x0000000082bb51d0,0x0000000085780000)
 Metaspace       used 32980K, capacity 35429K, committed 35496K, reserved 1079296K
  class space    used 4558K, capacity 5040K, committed 5040K, reserved 1048576K
Event: 8.320 GC heap after
Heap after GC invocations=10 (full 1):
 PSYoungGen      total 225792K, used 14311K [0x00000000d6000000, 0x00000000e9d00000, 0x0000000100000000)
  eden space 211456K, 0% used [0x00000000d6000000,0x00000000d6000000,0x00000000e2e80000)
  from space 14336K, 99% used [0x00000000e2e80000,0x00000000e3c79e08,0x00000000e3c80000)
  to   space 17408K, 0% used [0x00000000e8c00000,0x00000000e8c00000,0x00000000e9d00000)
 ParOldGen       total 56832K, used 14383K [0x0000000082000000, 0x0000000085780000, 0x00000000d6000000)
  object space 56832K, 25% used [0x0000000082000000,0x0000000082e0bf88,0x0000000085780000)
 Metaspace       used 32980K, capacity 35429K, committed 35496K, reserved 1079296K
  class space    used 4558K, capacity 5040K, committed 5040K, reserved 1048576K
}
Event: 8.320 GC heap before
{Heap before GC invocations=11 (full 2):
 PSYoungGen      total 225792K, used 14311K [0x00000000d6000000, 0x00000000e9d00000, 0x0000000100000000)
  eden space 211456K, 0% used [0x00000000d6000000,0x00000000d6000000,0x00000000e2e80000)
  from space 14336K, 99% used [0x00000000e2e80000,0x00000000e3c79e08,0x00000000e3c80000)
  to   space 17408K, 0% used [0x00000000e8c00000,0x00000000e8c00000,0x00000000e9d00000)
 ParOldGen       total 56832K, used 14383K [0x0000000082000000, 0x0000000085780000, 0x00000000d6000000)
  object space 56832K, 25% used [0x0000000082000000,0x0000000082e0bf88,0x0000000085780000)
 Metaspace       used 32980K, capacity 35429K, committed 35496K, reserved 1079296K
  class space    used 4558K, capacity 5040K, committed 5040K, reserved 1048576K
Event: 8.397 GC heap after
Heap after GC invocations=11 (full 2):
 PSYoungGen      total 225792K, used 0K [0x00000000d6000000, 0x00000000e9d00000, 0x0000000100000000)
  eden space 211456K, 0% used [0x00000000d6000000,0x00000000d6000000,0x00000000e2e80000)
  from space 14336K, 0% used [0x00000000e2e80000,0x00000000e2e80000,0x00000000e3c80000)
  to   space 17408K, 0% used [0x00000000e8c00000,0x00000000e8c00000,0x00000000e9d00000)
 ParOldGen       total 91648K, used 22990K [0x0000000082000000, 0x0000000087980000, 0x00000000d6000000)
  object space 91648K, 25% used [0x0000000082000000,0x0000000083673b70,0x0000000087980000)
 Metaspace       used 32977K, capacity 35423K, committed 35496K, reserved 1079296K
  class space    used 4558K, capacity 5039K, committed 5040K, reserved 1048576K
}
Event: 407.217 GC heap before
{Heap before GC invocations=12 (full 2):
 PSYoungGen      total 225792K, used 125343K [0x00000000d6000000, 0x00000000e9d00000, 0x0000000100000000)
  eden space 211456K, 59% used [0x00000000d6000000,0x00000000dda67d30,0x00000000e2e80000)
  from space 14336K, 0% used [0x00000000e2e80000,0x00000000e2e80000,0x00000000e3c80000)
  to   space 17408K, 0% used [0x00000000e8c00000,0x00000000e8c00000,0x00000000e9d00000)
 ParOldGen       total 91648K, used 22990K [0x0000000082000000, 0x0000000087980000, 0x00000000d6000000)
  object space 91648K, 25% used [0x0000000082000000,0x0000000083673b70,0x0000000087980000)
 Metaspace       used 36090K, capacity 38961K, committed 39080K, reserved 1083392K
  class space    used 5001K, capacity 5512K, committed 5552K, reserved 1048576K
Event: 407.229 GC heap after
Heap after GC invocations=12 (full 2):
 PSYoungGen      total 286720K, used 4925K [0x00000000d6000000, 0x00000000e9280000, 0x0000000100000000)
  eden space 280064K, 0% used [0x00000000d6000000,0x00000000d6000000,0x00000000e7180000)
  from space 6656K, 74% used [0x00000000e8c00000,0x00000000e90cf7e0,0x00000000e9280000)
  to   space 16896K, 0% used [0x00000000e7180000,0x00000000e7180000,0x00000000e8200000)
 ParOldGen       total 91648K, used 22998K [0x0000000082000000, 0x0000000087980000, 0x00000000d6000000)
  object space 91648K, 25% used [0x0000000082000000,0x0000000083675b70,0x0000000087980000)
 Metaspace       used 36090K, capacity 38961K, committed 39080K, reserved 1083392K
  class space    used 5001K, capacity 5512K, committed 5552K, reserved 1048576K
}
Event: 407.229 GC heap before
{Heap before GC invocations=13 (full 3):
 PSYoungGen      total 286720K, used 4925K [0x00000000d6000000, 0x00000000e9280000, 0x0000000100000000)
  eden space 280064K, 0% used [0x00000000d6000000,0x00000000d6000000,0x00000000e7180000)
  from space 6656K, 74% used [0x00000000e8c00000,0x00000000e90cf7e0,0x00000000e9280000)
  to   space 16896K, 0% used [0x00000000e7180000,0x00000000e7180000,0x00000000e8200000)
 ParOldGen       total 91648K, used 22998K [0x0000000082000000, 0x0000000087980000, 0x00000000d6000000)
  object space 91648K, 25% used [0x0000000082000000,0x0000000083675b70,0x0000000087980000)
 Metaspace       used 36090K, capacity 38961K, committed 39080K, reserved 1083392K
  class space    used 5001K, capacity 5512K, committed 5552K, reserved 1048576K
Event: 407.369 GC heap after
Heap after GC invocations=13 (full 3):
 PSYoungGen      total 286720K, used 0K [0x00000000d6000000, 0x00000000e9280000, 0x0000000100000000)
  eden space 280064K, 0% used [0x00000000d6000000,0x00000000d6000000,0x00000000e7180000)
  from space 6656K, 0% used [0x00000000e8c00000,0x00000000e8c00000,0x00000000e9280000)
  to   space 16896K, 0% used [0x00000000e7180000,0x00000000e7180000,0x00000000e8200000)
 ParOldGen       total 91648K, used 22697K [0x0000000082000000, 0x0000000087980000, 0x00000000d6000000)
  object space 91648K, 24% used [0x0000000082000000,0x000000008362a5f8,0x0000000087980000)
 Metaspace       used 36090K, capacity 38961K, committed 39080K, reserved 1083392K
  class space    used 5001K, capacity 5512K, committed 5552K, reserved 1048576K
}

